[debug] [2025-03-07T03:18:57.558Z] ----------------------------------------------------------------------
[debug] [2025-03-07T03:18:57.559Z] Command:       /usr/local/bin/node /usr/local/bin/firebase init
[debug] [2025-03-07T03:18:57.559Z] CLI Version:   13.33.0
[debug] [2025-03-07T03:18:57.559Z] Platform:      darwin
[debug] [2025-03-07T03:18:57.559Z] Node Version:  v18.18.0
[debug] [2025-03-07T03:18:57.560Z] Time:          Fri Mar 07 2025 08:48:57 GMT+0530 (India Standard Time)
[debug] [2025-03-07T03:18:57.560Z] ----------------------------------------------------------------------
[debug] 
[debug] [2025-03-07T03:18:57.657Z] > command requires scopes: ["email","openid","https://www.googleapis.com/auth/cloudplatformprojects.readonly","https://www.googleapis.com/auth/firebase","https://www.googleapis.com/auth/cloud-platform"]
[debug] [2025-03-07T03:18:57.657Z] > authorizing via signed-in user (rakeshmd45@gmail.com)
[info] 
     ######## #### ########  ######## ########     ###     ######  ########
     ##        ##  ##     ## ##       ##     ##  ##   ##  ##       ##
     ######    ##  ########  ######   ########  #########  ######  ######
     ##        ##  ##    ##  ##       ##     ## ##     ##       ## ##
     ##       #### ##     ## ######## ########  ##     ##  ######  ########

You're about to initialize a Firebase project in this directory:

  /Users/rakeshdevani/Documents/AI/Project_1

Before we get started, keep in mind:

  * You are initializing within an existing Firebase project directory

[info] 
=== Project Setup
[info] 
[info] First, let's associate this project directory with a Firebase project.
[info] You can create multiple project aliases by running firebase use --add, 
[info] but for now we'll just set up a default project.
[info] 
[debug] [2025-03-07T03:19:05.320Z] Using project from CLI flag: people-management-3c099
[debug] [2025-03-07T03:19:05.321Z] Checked if tokens are valid: false, expires at: 1741316636729
[debug] [2025-03-07T03:19:05.321Z] Checked if tokens are valid: false, expires at: 1741316636729
[debug] [2025-03-07T03:19:05.322Z] > refreshing access token with scopes: []
[debug] [2025-03-07T03:19:05.324Z] >>> [apiv2][query] POST https://www.googleapis.com/oauth2/v3/token [none]
[debug] [2025-03-07T03:19:05.324Z] >>> [apiv2][body] POST https://www.googleapis.com/oauth2/v3/token [omitted]
[debug] [2025-03-07T03:19:05.819Z] <<< [apiv2][status] POST https://www.googleapis.com/oauth2/v3/token 200
[debug] [2025-03-07T03:19:05.819Z] <<< [apiv2][body] POST https://www.googleapis.com/oauth2/v3/token [omitted]
[debug] [2025-03-07T03:19:05.834Z] >>> [apiv2][query] GET https://firebase.googleapis.com/v1beta1/projects/people-management-3c099 [none]
[debug] [2025-03-07T03:19:06.423Z] <<< [apiv2][status] GET https://firebase.googleapis.com/v1beta1/projects/people-management-3c099 200
[debug] [2025-03-07T03:19:06.424Z] <<< [apiv2][body] GET https://firebase.googleapis.com/v1beta1/projects/people-management-3c099 {"projectId":"people-management-3c099","projectNumber":"623735882262","displayName":"People Management","name":"projects/people-management-3c099","resources":{"hostingSite":"people-management-3c099"},"state":"ACTIVE","etag":"1_18dab223-e06d-40e0-98ec-91572716b9ee"}
[info] i  Using project people-management-3c099 (People Management) 
[info] 
=== Hosting Setup
[debug] [2025-03-07T03:19:06.430Z] Checked if tokens are valid: true, expires at: 1741321144819
[debug] [2025-03-07T03:19:06.430Z] Checked if tokens are valid: true, expires at: 1741321144819
[debug] [2025-03-07T03:19:06.430Z] >>> [apiv2][query] GET https://firebase.googleapis.com/v1beta1/projects/people-management-3c099 [none]
[debug] [2025-03-07T03:19:06.921Z] <<< [apiv2][status] GET https://firebase.googleapis.com/v1beta1/projects/people-management-3c099 200
[debug] [2025-03-07T03:19:06.922Z] <<< [apiv2][body] GET https://firebase.googleapis.com/v1beta1/projects/people-management-3c099 {"projectId":"people-management-3c099","projectNumber":"623735882262","displayName":"People Management","name":"projects/people-management-3c099","resources":{"hostingSite":"people-management-3c099"},"state":"ACTIVE","etag":"1_18dab223-e06d-40e0-98ec-91572716b9ee"}
[info] 
[info] Your public directory is the folder (relative to your project directory) that
[info] will contain Hosting assets to be uploaded with firebase deploy. If you
[info] have a build process for your assets, use your build's output directory.
[info] 
[info] i  build/404.html is unchanged 
[debug] [2025-03-07T03:19:27.157Z] >>> [apiv2][query] GET https://www.gstatic.com/firebasejs/releases.json [none]
[debug] [2025-03-07T03:19:27.536Z] <<< [apiv2][status] GET https://www.gstatic.com/firebasejs/releases.json 200
[debug] [2025-03-07T03:19:27.536Z] <<< [apiv2][body] GET https://www.gstatic.com/firebasejs/releases.json {"current":{"version":"11.4.0","browserURL":"https://www.gstatic.com/firebasejs/11.4.0/firebase.js","packageURL":"https://www.gstatic.com/firebasejs/11.4.0/firebase.tgz"},"live":{"version":"11.4","browserURL":"https://www.gstatic.com/firebasejs/live/11.4/firebase.js","packageURL":"https://www.gstatic.com/firebasejs/live/11.4/firebase.tgz"},"components":{"analytics":"https://www.gstatic.com/firebasejs/11.4.0/firebase-analytics.js","app":"https://www.gstatic.com/firebasejs/11.4.0/firebase-app.js","app-check":"https://www.gstatic.com/firebasejs/11.4.0/firebase-app-check.js","auth":"https://www.gstatic.com/firebasejs/11.4.0/firebase-auth.js","auth/cordova":"https://www.gstatic.com/firebasejs/11.4.0/firebase-auth/cordova.js","auth/web-extension":"https://www.gstatic.com/firebasejs/11.4.0/firebase-auth/web-extension.js","functions":"https://www.gstatic.com/firebasejs/11.4.0/firebase-functions.js","firestore":"https://www.gstatic.com/firebasejs/11.4.0/firebase-firestore.js","firestore/lite":"https://www.gstatic.com/firebasejs/11.4.0/firebase-firestore/lite.js","installations":"https://www.gstatic.com/firebasejs/11.4.0/firebase-installations.js","storage":"https://www.gstatic.com/firebasejs/11.4.0/firebase-storage.js","performance":"https://www.gstatic.com/firebasejs/11.4.0/firebase-performance.js","remote-config":"https://www.gstatic.com/firebasejs/11.4.0/firebase-remote-config.js","messaging":"https://www.gstatic.com/firebasejs/11.4.0/firebase-messaging.js","messaging/sw":"https://www.gstatic.com/firebasejs/11.4.0/firebase-messaging/sw.js","database":"https://www.gstatic.com/firebasejs/11.4.0/firebase-database.js","vertexai":"https://www.gstatic.com/firebasejs/11.4.0/firebase-vertexai.js","data-connect":"https://www.gstatic.com/firebasejs/11.4.0/firebase-data-connect.js","firestore.memory":"https://www.gstatic.com/firebasejs/11.4.0/firebase-firestore.memory.js"}}
[info] i  Skipping write of build/index.html 
[info] 
[info] i  Detected a .git folder at /Users/rakeshdevani/Documents/AI/Project_1 
[info] i  Authorizing with GitHub to upload your service account to a GitHub repository's secrets store. 
[info] 
[info] Visit this URL on this device to log in:
[info] https://github.com/login/oauth/authorize?client_id=89cf50f02ac6aaed3484&state=970031807&redirect_uri=http%3A%2F%2Flocalhost%3A9005&scope=read%3Auser%20repo%20public_repo
[info] 
[info] Waiting for authentication...
[debug] [2025-03-07T03:21:20.156Z] >>> [apiv2][query] POST https://github.com/login/oauth/access_token [none]
[debug] [2025-03-07T03:21:20.157Z] >>> [apiv2][body] POST https://github.com/login/oauth/access_token [stream]
[debug] [2025-03-07T03:21:20.807Z] <<< [apiv2][status] POST https://github.com/login/oauth/access_token 200
[debug] [2025-03-07T03:21:20.807Z] <<< [apiv2][body] POST https://github.com/login/oauth/access_token {"access_token":"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","token_type":"bearer","scope":"read:user,repo"}
[debug] [2025-03-07T03:21:20.826Z] >>> [apiv2][query] GET https://api.github.com/user [none]
[debug] [2025-03-07T03:21:21.330Z] <<< [apiv2][status] GET https://api.github.com/user 200
[debug] [2025-03-07T03:21:21.330Z] <<< [apiv2][body] GET https://api.github.com/user {"login":"rakeshmd44","id":47534077,"node_id":"MDQ6VXNlcjQ3NTM0MDc3","avatar_url":"https://avatars.githubusercontent.com/u/47534077?v=4","gravatar_id":"","url":"https://api.github.com/users/rakeshmd44","html_url":"https://github.com/rakeshmd44","followers_url":"https://api.github.com/users/rakeshmd44/followers","following_url":"https://api.github.com/users/rakeshmd44/following{/other_user}","gists_url":"https://api.github.com/users/rakeshmd44/gists{/gist_id}","starred_url":"https://api.github.com/users/rakeshmd44/starred{/owner}{/repo}","subscriptions_url":"https://api.github.com/users/rakeshmd44/subscriptions","organizations_url":"https://api.github.com/users/rakeshmd44/orgs","repos_url":"https://api.github.com/users/rakeshmd44/repos","events_url":"https://api.github.com/users/rakeshmd44/events{/privacy}","received_events_url":"https://api.github.com/users/rakeshmd44/received_events","type":"User","user_view_type":"private","site_admin":false,"name":"Rakesh Devani","company":null,"blog":"","location":"Bengaluru","email":null,"hireable":null,"bio":null,"twitter_username":null,"notification_email":null,"public_repos":7,"public_gists":0,"followers":0,"following":1,"created_at":"2019-02-11T16:38:14Z","updated_at":"2025-03-07T02:07:46Z","private_gists":0,"total_private_repos":2,"owned_private_repos":2,"disk_usage":1215,"collaborators":0,"two_factor_authentication":true,"plan":{"name":"free","space":976562499,"collaborators":0,"private_repos":10000}}
[info] 
[info] ✔  Success! Logged into GitHub as rakeshmd44 
[info] 
